This file contains any messages produced by compilers while
running configure, to aid debugging if configure makes a mistake.

It was created by reflector configure 1.1, which was
generated by GNU Autoconf 2.60.  Invocation command line was

  $ ./configure 

## --------- ##
## Platform. ##
## --------- ##

hostname = longboard.cs.ucsb.edu
uname -m = i686
uname -r = 2.6.20-1.2316.fc5smp
uname -s = Linux
uname -v = #1 SMP Fri Apr 27 20:34:56 EDT 2007

/usr/bin/uname -p = unknown
/bin/uname -X     = unknown

/bin/arch              = i686
/usr/bin/arch -k       = unknown
/usr/convex/getsysinfo = unknown
/usr/bin/hostinfo      = unknown
/bin/machine           = unknown
/usr/bin/oslevel       = unknown
/bin/universe          = unknown

PATH: /home/vigna/Development.linux/bin
PATH: /home/vigna/Development.linux/mysql/bin
PATH: /usr/local/bin
PATH: /opt/local/bin
PATH: /opt/local/sbin
PATH: /sw/bin/
PATH: /bin
PATH: /usr/local/bin
PATH: /usr/bin
PATH: /sbin
PATH: /usr/sbin
PATH: /usr/local/sbin
PATH: /usr/X11R6/bin
PATH: .
PATH: /home/vigna/bin


## ----------- ##
## Core tests. ##
## ----------- ##

configure:1754: checking for a BSD-compatible install
configure:1810: result: /usr/bin/install -c
configure:1821: checking whether build environment is sane
configure:1864: result: yes
configure:1929: checking for gawk
configure:1945: found /bin/gawk
configure:1956: result: gawk
configure:1967: checking whether make sets $(MAKE)
configure:1988: result: yes
configure:2221: checking for gcc
configure:2237: found /usr/bin/gcc
configure:2248: result: gcc
configure:2486: checking for C compiler version
configure:2493: gcc --version >&5
gcc (GCC) 4.1.1 20070105 (Red Hat 4.1.1-51)
Copyright (C) 2006 Free Software Foundation, Inc.
This is free software; see the source for copying conditions.  There is NO
warranty; not even for MERCHANTABILITY or FITNESS FOR A PARTICULAR PURPOSE.

configure:2496: $? = 0
configure:2503: gcc -v >&5
Using built-in specs.
Target: i386-redhat-linux
Configured with: ../configure --prefix=/usr --mandir=/usr/share/man --infodir=/usr/share/info --enable-shared --enable-threads=posix --enable-checking=release --with-system-zlib --enable-__cxa_atexit --disable-libunwind-exceptions --enable-libgcj-multifile --enable-languages=c,c++,objc,obj-c++,java,fortran,ada --enable-java-awt=gtk --disable-dssi --with-java-home=/usr/lib/jvm/java-1.4.2-gcj-1.4.2.0/jre --with-cpu=generic --host=i386-redhat-linux
Thread model: posix
gcc version 4.1.1 20070105 (Red Hat 4.1.1-51)
configure:2506: $? = 0
configure:2513: gcc -V >&5
gcc: '-V' option must have argument
configure:2516: $? = 1
configure:2539: checking for C compiler default output file name
configure:2566: gcc    conftest.c  >&5
configure:2569: $? = 0
configure:2615: result: a.out
configure:2620: checking whether the C compiler works
configure:2630: ./a.out
configure:2633: $? = 0
configure:2650: result: yes
configure:2657: checking whether we are cross compiling
configure:2659: result: no
configure:2662: checking for suffix of executables
configure:2669: gcc -o conftest    conftest.c  >&5
configure:2672: $? = 0
configure:2696: result: 
configure:2702: checking for suffix of object files
configure:2728: gcc -c   conftest.c >&5
configure:2731: $? = 0
configure:2754: result: o
configure:2758: checking whether we are using the GNU C compiler
configure:2787: gcc -c   conftest.c >&5
configure:2793: $? = 0
configure:2800: test -z "$ac_c_werror_flag" || test ! -s conftest.err
configure:2803: $? = 0
configure:2810: test -s conftest.o
configure:2813: $? = 0
configure:2827: result: yes
configure:2832: checking whether gcc accepts -g
configure:2862: gcc -c -g  conftest.c >&5
configure:2868: $? = 0
configure:2875: test -z "$ac_c_werror_flag" || test ! -s conftest.err
configure:2878: $? = 0
configure:2885: test -s conftest.o
configure:2888: $? = 0
configure:3018: result: yes
configure:3035: checking for gcc option to accept ISO C89
configure:3109: gcc  -c -g -O2  conftest.c >&5
configure:3115: $? = 0
configure:3122: test -z "$ac_c_werror_flag" || test ! -s conftest.err
configure:3125: $? = 0
configure:3132: test -s conftest.o
configure:3135: $? = 0
configure:3155: result: none needed
configure:3184: checking for style of include used by make
configure:3212: result: GNU
configure:3240: checking dependency style of gcc
configure:3330: result: gcc3
configure:3360: checking for a BSD-compatible install
configure:3416: result: /usr/bin/install -c
configure:3430: checking for pcap_open_live in -lpcap
configure:3465: gcc -o conftest -g -O2   conftest.c -lpcap   >&5
configure:3471: $? = 0
configure:3478: test -z "$ac_c_werror_flag" || test ! -s conftest.err
configure:3481: $? = 0
configure:3488: test -s conftest
configure:3491: $? = 0
configure:3505: result: yes
configure:3519: checking for libnet_getdevice in -lnet
configure:3554: gcc -o conftest -g -O2   conftest.c -lnet  -lpcap  >&5
configure:3560: $? = 0
configure:3567: test -z "$ac_c_werror_flag" || test ! -s conftest.err
configure:3570: $? = 0
configure:3577: test -s conftest
configure:3580: $? = 0
configure:3594: result: yes
configure:3613: checking how to run the C preprocessor
configure:3653: gcc -E  conftest.c
configure:3659: $? = 0
configure:3697: gcc -E  conftest.c
conftest.c:12:28: error: ac_nonexistent.h: No such file or directory
configure:3703: $? = 1
configure: failed program was:
| /* confdefs.h.  */
| #define PACKAGE_NAME "reflector"
| #define PACKAGE_TARNAME "reflector"
| #define PACKAGE_VERSION "1.1"
| #define PACKAGE_STRING "reflector 1.1"
| #define PACKAGE_BUGREPORT "vigna@cs.ucsb.edu"
| #define PACKAGE "reflector"
| #define VERSION "1.1"
| #define HAVE_LIBPCAP 1
| #define HAVE_LIBNET 1
| /* end confdefs.h.  */
| #include <ac_nonexistent.h>
configure:3743: result: gcc -E
configure:3772: gcc -E  conftest.c
configure:3778: $? = 0
configure:3816: gcc -E  conftest.c
conftest.c:12:28: error: ac_nonexistent.h: No such file or directory
configure:3822: $? = 1
configure: failed program was:
| /* confdefs.h.  */
| #define PACKAGE_NAME "reflector"
| #define PACKAGE_TARNAME "reflector"
| #define PACKAGE_VERSION "1.1"
| #define PACKAGE_STRING "reflector 1.1"
| #define PACKAGE_BUGREPORT "vigna@cs.ucsb.edu"
| #define PACKAGE "reflector"
| #define VERSION "1.1"
| #define HAVE_LIBPCAP 1
| #define HAVE_LIBNET 1
| /* end confdefs.h.  */
| #include <ac_nonexistent.h>
configure:3867: checking for grep that handles long lines and -e
configure:3941: result: /bin/grep
configure:3946: checking for egrep
configure:4024: result: /bin/grep -E
configure:4029: checking for ANSI C header files
configure:4059: gcc -c -g -O2  conftest.c >&5
configure:4065: $? = 0
configure:4072: test -z "$ac_c_werror_flag" || test ! -s conftest.err
configure:4075: $? = 0
configure:4082: test -s conftest.o
configure:4085: $? = 0
configure:4181: gcc -o conftest -g -O2   conftest.c -lnet -lpcap  >&5
configure:4184: $? = 0
configure:4190: ./conftest
configure:4193: $? = 0
configure:4210: result: yes
configure:4234: checking for sys/types.h
configure:4255: gcc -c -g -O2  conftest.c >&5
configure:4261: $? = 0
configure:4268: test -z "$ac_c_werror_flag" || test ! -s conftest.err
configure:4271: $? = 0
configure:4278: test -s conftest.o
configure:4281: $? = 0
configure:4294: result: yes
configure:4234: checking for sys/stat.h
configure:4255: gcc -c -g -O2  conftest.c >&5
configure:4261: $? = 0
configure:4268: test -z "$ac_c_werror_flag" || test ! -s conftest.err
configure:4271: $? = 0
configure:4278: test -s conftest.o
configure:4281: $? = 0
configure:4294: result: yes
configure:4234: checking for stdlib.h
configure:4255: gcc -c -g -O2  conftest.c >&5
configure:4261: $? = 0
configure:4268: test -z "$ac_c_werror_flag" || test ! -s conftest.err
configure:4271: $? = 0
configure:4278: test -s conftest.o
configure:4281: $? = 0
configure:4294: result: yes
configure:4234: checking for string.h
configure:4255: gcc -c -g -O2  conftest.c >&5
configure:4261: $? = 0
configure:4268: test -z "$ac_c_werror_flag" || test ! -s conftest.err
configure:4271: $? = 0
configure:4278: test -s conftest.o
configure:4281: $? = 0
configure:4294: result: yes
configure:4234: checking for memory.h
configure:4255: gcc -c -g -O2  conftest.c >&5
configure:4261: $? = 0
configure:4268: test -z "$ac_c_werror_flag" || test ! -s conftest.err
configure:4271: $? = 0
configure:4278: test -s conftest.o
configure:4281: $? = 0
configure:4294: result: yes
configure:4234: checking for strings.h
configure:4255: gcc -c -g -O2  conftest.c >&5
configure:4261: $? = 0
configure:4268: test -z "$ac_c_werror_flag" || test ! -s conftest.err
configure:4271: $? = 0
configure:4278: test -s conftest.o
configure:4281: $? = 0
configure:4294: result: yes
configure:4234: checking for inttypes.h
configure:4255: gcc -c -g -O2  conftest.c >&5
configure:4261: $? = 0
configure:4268: test -z "$ac_c_werror_flag" || test ! -s conftest.err
configure:4271: $? = 0
configure:4278: test -s conftest.o
configure:4281: $? = 0
configure:4294: result: yes
configure:4234: checking for stdint.h
configure:4255: gcc -c -g -O2  conftest.c >&5
configure:4261: $? = 0
configure:4268: test -z "$ac_c_werror_flag" || test ! -s conftest.err
configure:4271: $? = 0
configure:4278: test -s conftest.o
configure:4281: $? = 0
configure:4294: result: yes
configure:4234: checking for unistd.h
configure:4255: gcc -c -g -O2  conftest.c >&5
configure:4261: $? = 0
configure:4268: test -z "$ac_c_werror_flag" || test ! -s conftest.err
configure:4271: $? = 0
configure:4278: test -s conftest.o
configure:4281: $? = 0
configure:4294: result: yes
configure:4322: checking stdarg.h usability
configure:4339: gcc -c -g -O2  conftest.c >&5
configure:4345: $? = 0
configure:4352: test -z "$ac_c_werror_flag" || test ! -s conftest.err
configure:4355: $? = 0
configure:4362: test -s conftest.o
configure:4365: $? = 0
configure:4376: result: yes
configure:4380: checking stdarg.h presence
configure:4395: gcc -E  conftest.c
configure:4401: $? = 0
configure:4422: result: yes
configure:4455: checking for stdarg.h
configure:4463: result: yes
configure:4482: checking for vprintf
configure:4538: gcc -o conftest -g -O2   conftest.c -lnet -lpcap  >&5
conftest.c:46: warning: conflicting types for built-in function 'vprintf'
configure:4544: $? = 0
configure:4551: test -z "$ac_c_werror_flag" || test ! -s conftest.err
configure:4554: $? = 0
configure:4561: test -s conftest
configure:4564: $? = 0
configure:4578: result: yes
configure:4585: checking for _doprnt
configure:4641: gcc -o conftest -g -O2   conftest.c -lnet -lpcap  >&5
/tmp/ccGoNwoA.o: In function `main':
/home/vigna/reflector-1.1/conftest.c:58: undefined reference to `_doprnt'
collect2: ld returned 1 exit status
configure:4647: $? = 1
configure: failed program was:
| /* confdefs.h.  */
| #define PACKAGE_NAME "reflector"
| #define PACKAGE_TARNAME "reflector"
| #define PACKAGE_VERSION "1.1"
| #define PACKAGE_STRING "reflector 1.1"
| #define PACKAGE_BUGREPORT "vigna@cs.ucsb.edu"
| #define PACKAGE "reflector"
| #define VERSION "1.1"
| #define HAVE_LIBPCAP 1
| #define HAVE_LIBNET 1
| #define STDC_HEADERS 1
| #define HAVE_SYS_TYPES_H 1
| #define HAVE_SYS_STAT_H 1
| #define HAVE_STDLIB_H 1
| #define HAVE_STRING_H 1
| #define HAVE_MEMORY_H 1
| #define HAVE_STRINGS_H 1
| #define HAVE_INTTYPES_H 1
| #define HAVE_STDINT_H 1
| #define HAVE_UNISTD_H 1
| #define HAVE_STDARG_H 1
| #define HAVE_VPRINTF 1
| /* end confdefs.h.  */
| /* Define _doprnt to an innocuous variant, in case <limits.h> declares _doprnt.
|    For example, HP-UX 11i <limits.h> declares gettimeofday.  */
| #define _doprnt innocuous__doprnt
| 
| /* System header to define __stub macros and hopefully few prototypes,
|     which can conflict with char _doprnt (); below.
|     Prefer <limits.h> to <assert.h> if __STDC__ is defined, since
|     <limits.h> exists even on freestanding compilers.  */
| 
| #ifdef __STDC__
| # include <limits.h>
| #else
| # include <assert.h>
| #endif
| 
| #undef _doprnt
| 
| /* Override any GCC internal prototype to avoid an error.
|    Use char because int might match the return type of a GCC
|    builtin and then its argument prototype would still apply.  */
| #ifdef __cplusplus
| extern "C"
| #endif
| char _doprnt ();
| /* The GNU C library defines this for functions which it implements
|     to always fail with ENOSYS.  Some functions are actually named
|     something starting with __ and the normal name is an alias.  */
| #if defined __stub__doprnt || defined __stub____doprnt
| choke me
| #endif
| 
| int
| main ()
| {
| return _doprnt ();
|   ;
|   return 0;
| }
configure:4680: result: no
configure:4842: creating ./config.status

## ---------------------- ##
## Running config.status. ##
## ---------------------- ##

This file was extended by reflector config.status 1.1, which was
generated by GNU Autoconf 2.60.  Invocation command line was

  CONFIG_FILES    = 
  CONFIG_HEADERS  = 
  CONFIG_LINKS    = 
  CONFIG_COMMANDS = 
  $ ./config.status 

on longboard.cs.ucsb.edu

config.status:603: creating Makefile
config.status:788: executing depfiles commands

## ---------------- ##
## Cache variables. ##
## ---------------- ##

ac_cv_c_compiler_gnu=yes
ac_cv_env_CC_set=
ac_cv_env_CC_value=
ac_cv_env_CFLAGS_set=
ac_cv_env_CFLAGS_value=
ac_cv_env_CPPFLAGS_set=
ac_cv_env_CPPFLAGS_value=
ac_cv_env_CPP_set=
ac_cv_env_CPP_value=
ac_cv_env_LDFLAGS_set=
ac_cv_env_LDFLAGS_value=
ac_cv_env_build_alias_set=
ac_cv_env_build_alias_value=
ac_cv_env_host_alias_set=
ac_cv_env_host_alias_value=
ac_cv_env_target_alias_set=
ac_cv_env_target_alias_value=
ac_cv_func__doprnt=no
ac_cv_func_vprintf=yes
ac_cv_header_inttypes_h=yes
ac_cv_header_memory_h=yes
ac_cv_header_stdarg_h=yes
ac_cv_header_stdc=yes
ac_cv_header_stdint_h=yes
ac_cv_header_stdlib_h=yes
ac_cv_header_string_h=yes
ac_cv_header_strings_h=yes
ac_cv_header_sys_stat_h=yes
ac_cv_header_sys_types_h=yes
ac_cv_header_unistd_h=yes
ac_cv_lib_net_libnet_getdevice=yes
ac_cv_lib_pcap_pcap_open_live=yes
ac_cv_objext=o
ac_cv_path_EGREP='/bin/grep -E'
ac_cv_path_GREP=/bin/grep
ac_cv_path_install='/usr/bin/install -c'
ac_cv_prog_AWK=gawk
ac_cv_prog_CPP='gcc -E'
ac_cv_prog_ac_ct_CC=gcc
ac_cv_prog_cc_c89=
ac_cv_prog_cc_g=yes
ac_cv_prog_make_make_set=yes
am_cv_CC_dependencies_compiler_type=gcc3

## ----------------- ##
## Output variables. ##
## ----------------- ##

ACLOCAL='${SHELL} /home/vigna/reflector-1.1/missing --run aclocal-1.9'
AMDEPBACKSLASH='\'
AMDEP_FALSE='#'
AMDEP_TRUE=''
AMTAR='${SHELL} /home/vigna/reflector-1.1/missing --run tar'
AUTOCONF='${SHELL} /home/vigna/reflector-1.1/missing --run autoconf'
AUTOHEADER='${SHELL} /home/vigna/reflector-1.1/missing --run autoheader'
AUTOMAKE='${SHELL} /home/vigna/reflector-1.1/missing --run automake-1.9'
AWK='gawk'
CC='gcc'
CCDEPMODE='depmode=gcc3'
CFLAGS='-g -O2'
CPP='gcc -E'
CPPFLAGS=''
CYGPATH_W='echo'
DEFS='-DPACKAGE_NAME=\"reflector\" -DPACKAGE_TARNAME=\"reflector\" -DPACKAGE_VERSION=\"1.1\" -DPACKAGE_STRING=\"reflector\ 1.1\" -DPACKAGE_BUGREPORT=\"vigna@cs.ucsb.edu\" -DPACKAGE=\"reflector\" -DVERSION=\"1.1\" -DHAVE_LIBPCAP=1 -DHAVE_LIBNET=1 -DSTDC_HEADERS=1 -DHAVE_SYS_TYPES_H=1 -DHAVE_SYS_STAT_H=1 -DHAVE_STDLIB_H=1 -DHAVE_STRING_H=1 -DHAVE_MEMORY_H=1 -DHAVE_STRINGS_H=1 -DHAVE_INTTYPES_H=1 -DHAVE_STDINT_H=1 -DHAVE_UNISTD_H=1 -DHAVE_STDARG_H=1 -DHAVE_VPRINTF=1'
DEPDIR='.deps'
ECHO_C=''
ECHO_N='-n'
ECHO_T=''
EGREP='/bin/grep -E'
EXEEXT=''
GREP='/bin/grep'
INSTALL_DATA='${INSTALL} -m 644'
INSTALL_PROGRAM='${INSTALL}'
INSTALL_SCRIPT='${INSTALL}'
INSTALL_STRIP_PROGRAM='${SHELL} $(install_sh) -c -s'
LDFLAGS=''
LIBOBJS=''
LIBS='-lnet -lpcap '
LTLIBOBJS=''
MAKEINFO='${SHELL} /home/vigna/reflector-1.1/missing --run makeinfo'
OBJEXT='o'
PACKAGE='reflector'
PACKAGE_BUGREPORT='vigna@cs.ucsb.edu'
PACKAGE_NAME='reflector'
PACKAGE_STRING='reflector 1.1'
PACKAGE_TARNAME='reflector'
PACKAGE_VERSION='1.1'
PATH_SEPARATOR=':'
SET_MAKE=''
SHELL='/bin/sh'
STRIP=''
VERSION='1.1'
ac_ct_CC='gcc'
am__fastdepCC_FALSE='#'
am__fastdepCC_TRUE=''
am__include='include'
am__leading_dot='.'
am__quote=''
am__tar='${AMTAR} chof - "$$tardir"'
am__untar='${AMTAR} xf -'
bindir='${exec_prefix}/bin'
build_alias=''
datadir='${datarootdir}'
datarootdir='${prefix}/share'
docdir='${datarootdir}/doc/${PACKAGE_TARNAME}'
dvidir='${docdir}'
exec_prefix='${prefix}'
host_alias=''
htmldir='${docdir}'
includedir='${prefix}/include'
infodir='${datarootdir}/info'
install_sh='/home/vigna/reflector-1.1/install-sh'
libdir='${exec_prefix}/lib'
libexecdir='${exec_prefix}/libexec'
localedir='${datarootdir}/locale'
localstatedir='${prefix}/var'
mandir='${datarootdir}/man'
mkdir_p='mkdir -p --'
oldincludedir='/usr/include'
pdfdir='${docdir}'
prefix='/usr/local'
program_transform_name='s,x,x,'
psdir='${docdir}'
sbindir='${exec_prefix}/sbin'
sharedstatedir='${prefix}/com'
sysconfdir='${prefix}/etc'
target_alias=''

## ----------- ##
## confdefs.h. ##
## ----------- ##

#define PACKAGE_NAME "reflector"
#define PACKAGE_TARNAME "reflector"
#define PACKAGE_VERSION "1.1"
#define PACKAGE_STRING "reflector 1.1"
#define PACKAGE_BUGREPORT "vigna@cs.ucsb.edu"
#define PACKAGE "reflector"
#define VERSION "1.1"
#define HAVE_LIBPCAP 1
#define HAVE_LIBNET 1
#define STDC_HEADERS 1
#define HAVE_SYS_TYPES_H 1
#define HAVE_SYS_STAT_H 1
#define HAVE_STDLIB_H 1
#define HAVE_STRING_H 1
#define HAVE_MEMORY_H 1
#define HAVE_STRINGS_H 1
#define HAVE_INTTYPES_H 1
#define HAVE_STDINT_H 1
#define HAVE_UNISTD_H 1
#define HAVE_STDARG_H 1
#define HAVE_VPRINTF 1

configure: exit 0
